<?xml version="1.0" encoding="UTF-8"?>
<!-- Generated by org.testng.reporters.JUnitReportReporter -->
<testsuite skipped="0" hostname="BLT248" name="testng.firefoxtest" tests="1" failures="0" timestamp="2020-03-04T02:43:36 IST" time="6.790" errors="0">
  <testcase name="testlogin" time="6.790" classname="testng.firefoxtest"/>
</testsuite> <!-- testng.firefoxtest -->
